0 info it worked if it ends with ok
1 verbose cli [ '/home/ubuntu/.nvm/versions/node/v6.11.2/bin/node',
1 verbose cli   '/home/ubuntu/.nvm/versions/node/v6.11.2/bin/npm',
1 verbose cli   'install',
1 verbose cli   '--save',
1 verbose cli   'socket.io' ]
2 info using npm@3.10.10
3 info using node@v6.11.2
4 silly loadCurrentTree Starting
5 silly install loadCurrentTree
6 silly install readLocalPackageData
7 silly fetchPackageMetaData socket.io
8 silly fetchOtherPackageData socket.io
9 silly cache add args [ 'socket.io', null ]
10 verbose cache add spec socket.io
11 silly cache add parsed spec Result {
11 silly cache add   raw: 'socket.io',
11 silly cache add   scope: null,
11 silly cache add   escapedName: 'socket.io',
11 silly cache add   name: null,
11 silly cache add   rawSpec: 'socket.io',
11 silly cache add   spec: '/home/ubuntu/workspace/NodeCodeSchool/Level6Socketio/socket.io',
11 silly cache add   type: 'local' }
12 silly addLocalTarball shasum (computed) 7c7ffe656315533b7060281c86122d9c543596a0
13 verbose addTmpTarball /home/ubuntu/workspace/NodeCodeSchool/Level6Socketio/socket.io not in flight; adding
14 verbose correctMkdir /home/ubuntu/.npm correctMkdir not in flight; initializing
15 verbose addTmpTarball validating metadata from /home/ubuntu/workspace/NodeCodeSchool/Level6Socketio/socket.io
16 verbose tar unpack /home/ubuntu/workspace/NodeCodeSchool/Level6Socketio/socket.io
17 verbose tar unpacking to /tmp/npm-8179-e0379950/unpack-97ef8c86
18 silly gentlyRm /tmp/npm-8179-e0379950/unpack-97ef8c86 is being purged
19 verbose gentlyRm don't care about contents; nuking /tmp/npm-8179-e0379950/unpack-97ef8c86
20 silly gunzTarPerm modes [ '755', '644' ]
21 error not a package /home/ubuntu/workspace/NodeCodeSchool/Level6Socketio/socket.io
22 error addLocal Could not install /home/ubuntu/workspace/NodeCodeSchool/Level6Socketio/socket.io
23 silly fetchPackageMetaData Error: ENOENT: no such file or directory, open '/tmp/npm-8179-e0379950/unpack-97ef8c86/package.json'
23 silly fetchPackageMetaData     at Error (native)
23 silly fetchPackageMetaData  error for socket.io { Error: ENOENT: no such file or directory, open '/tmp/npm-8179-e0379950/unpack-97ef8c86/package.json'
23 silly fetchPackageMetaData     at Error (native)
23 silly fetchPackageMetaData   errno: -2,
23 silly fetchPackageMetaData   code: 'ENOENT',
23 silly fetchPackageMetaData   syscall: 'open',
23 silly fetchPackageMetaData   path: '/tmp/npm-8179-e0379950/unpack-97ef8c86/package.json' }
24 silly rollbackFailedOptional Starting
25 silly rollbackFailedOptional Finishing
26 silly runTopLevelLifecycles Finishing
27 silly install printInstalled
28 verbose stack Error: ENOENT: no such file or directory, open '/tmp/npm-8179-e0379950/unpack-97ef8c86/package.json'
28 verbose stack     at Error (native)
29 verbose cwd /home/ubuntu/workspace/NodeCodeSchool/Level6Socketio
30 error Linux 4.9.74-c9
31 error argv "/home/ubuntu/.nvm/versions/node/v6.11.2/bin/node" "/home/ubuntu/.nvm/versions/node/v6.11.2/bin/npm" "install" "--save" "socket.io"
32 error node v6.11.2
33 error npm  v3.10.10
34 error path /tmp/npm-8179-e0379950/unpack-97ef8c86/package.json
35 error code ENOENT
36 error errno -2
37 error syscall open
38 error enoent ENOENT: no such file or directory, open '/tmp/npm-8179-e0379950/unpack-97ef8c86/package.json'
39 error enoent ENOENT: no such file or directory, open '/tmp/npm-8179-e0379950/unpack-97ef8c86/package.json'
39 error enoent This is most likely not a problem with npm itself
39 error enoent and is related to npm not being able to find a file.
40 verbose exit [ -2, true ]
